<?xml version="1.0" encoding="UTF-8"?>
<!-- Generated by org.testng.reporters.JUnitReportReporter -->
<testsuite skipped="0" hostname="DESKTOP-G6T0SJ9" name="Test.QATestLab4.Script" tests="21" failures="0" timestamp="28 ноя 2017 23:43:05 GMT" time="72.884" errors="0">
  <testcase name="propertiesNewProduct" time="1.259" classname="Test.QATestLab4.Script"/>
  <testcase name="goToMainPage" time="5.686" classname="Test.QATestLab4.Script"/>
  <testcase name="authorization" time="4.042" classname="Test.QATestLab4.Script"/>
  <testcase name="propertiesNewProduct" time="3.054" classname="Test.QATestLab4.Script"/>
  <testcase name="makeNewProduct" time="5.970" classname="Test.QATestLab4.Script"/>
  <testcase name="makeNewProduct" time="4.600" classname="Test.QATestLab4.Script"/>
  <testcase name="testProduct" time="3.686" classname="Test.QATestLab4.Script"/>
  <testcase name="activationAndSave" time="2.065" classname="Test.QATestLab4.Script"/>
  <testcase name="goToMainPage" time="7.193" classname="Test.QATestLab4.Script"/>
  <testcase name="activationAndSave" time="1.142" classname="Test.QATestLab4.Script"/>
  <testcase name="activationAndSave" time="1.172" classname="Test.QATestLab4.Script"/>
  <testcase name="propertiesNewProduct" time="0.374" classname="Test.QATestLab4.Script"/>
  <testcase name="testProduct" time="0.189" classname="Test.QATestLab4.Script"/>
  <testcase name="katalogProducts" time="3.596" classname="Test.QATestLab4.Script"/>
  <testcase name="authorization" time="1.222" classname="Test.QATestLab4.Script"/>
  <testcase name="testProduct" time="0.176" classname="Test.QATestLab4.Script"/>
  <testcase name="authorization" time="2.582" classname="Test.QATestLab4.Script"/>
  <testcase name="katalogProducts" time="7.389" classname="Test.QATestLab4.Script"/>
  <testcase name="katalogProducts" time="3.984" classname="Test.QATestLab4.Script"/>
  <testcase name="makeNewProduct" time="6.724" classname="Test.QATestLab4.Script"/>
  <testcase name="goToMainPage" time="6.779" classname="Test.QATestLab4.Script"/>
</testsuite> <!-- Test.QATestLab4.Script -->
