<?xml version="1.0" encoding="UTF-8"?>
<testsuite xmlns:xsi="http://www.w3.org/2001/XMLSchema-instance" xsi:schemaLocation="https://maven.apache.org/surefire/maven-surefire-plugin/xsd/surefire-test-report.xsd" name="TestSuite" time="94.389" tests="21" errors="0" skipped="0" failures="0">
  <properties>
    <property name="java.runtime.name" value="Java(TM) SE Runtime Environment"/>
    <property name="sun.boot.library.path" value="C:\Program Files\Java\jre1.8.0_151\bin"/>
    <property name="java.vm.version" value="25.151-b12"/>
    <property name="java.vm.vendor" value="Oracle Corporation"/>
    <property name="maven.multiModuleProjectDirectory" value="E:\WorkspaceJava\QATestLab4"/>
    <property name="java.vendor.url" value="http://java.oracle.com/"/>
    <property name="path.separator" value=";"/>
    <property name="guice.disable.misplaced.annotation.check" value="true"/>
    <property name="java.vm.name" value="Java HotSpot(TM) 64-Bit Server VM"/>
    <property name="file.encoding.pkg" value="sun.io"/>
    <property name="user.script" value=""/>
    <property name="user.country" value="RU"/>
    <property name="sun.java.launcher" value="SUN_STANDARD"/>
    <property name="sun.os.patch.level" value=""/>
    <property name="java.vm.specification.name" value="Java Virtual Machine Specification"/>
    <property name="user.dir" value="E:\WorkspaceJava\QATestLab4"/>
    <property name="java.runtime.version" value="1.8.0_151-b12"/>
    <property name="java.awt.graphicsenv" value="sun.awt.Win32GraphicsEnvironment"/>
    <property name="java.endorsed.dirs" value="C:\Program Files\Java\jre1.8.0_151\lib\endorsed"/>
    <property name="os.arch" value="amd64"/>
    <property name="java.io.tmpdir" value="C:\Users\Admin\AppData\Local\Temp\"/>
    <property name="line.separator" value="&#10;"/>
    <property name="java.vm.specification.vendor" value="Oracle Corporation"/>
    <property name="user.variant" value=""/>
    <property name="os.name" value="Windows 10"/>
    <property name="classworlds.conf" value="E:\WorkspaceJava\.metadata\.plugins\org.eclipse.m2e.launching\launches\m2conf8877344021175661188.tmp"/>
    <property name="sun.jnu.encoding" value="Cp1251"/>
    <property name="java.library.path" value="C:\Program Files\Java\jre1.8.0_151\bin;C:\WINDOWS\Sun\Java\bin;C:\WINDOWS\system32;C:\WINDOWS;C:/Program Files/Java/jre1.8.0_151/bin/server;C:/Program Files/Java/jre1.8.0_151/bin;C:/Program Files/Java/jre1.8.0_151/lib/amd64;C:\ProgramData\Oracle\Java\javapath;C:\WINDOWS\system32;C:\WINDOWS;C:\WINDOWS\System32\Wbem;C:\WINDOWS\System32\WindowsPowerShell\v1.0\;C:\Program Files\Java\jdk1.8.0_102\\bin;E:\Selenium;C:\Program Files\MySQL\MySQL Server 5.5\bin;E:\Android\sdk\;E:\Android\sdk\tools\;E:\Android\sdk\platform-tools\;E:\Selenium\apache-maven-3.3.9\bin;C:\Program Files\Git\cmd;E:\Program files\Skype\Phone\;C:\Program Files (x86)\NVIDIA Corporation\PhysX\Common;E:\Program files\Notepad++\notepad++.exe;;%SystemRoot%\system32;%SystemRoot%;%SystemRoot%\System32\Wbem;%SYSTEMROOT%\System32\WindowsPowerShell\v1.0\;C:\Users\Admin\AppData\Local\Microsoft\WindowsApps;;C:\Users\Admin\Desktop;;."/>
    <property name="java.specification.name" value="Java Platform API Specification"/>
    <property name="java.class.version" value="52.0"/>
    <property name="sun.management.compiler" value="HotSpot 64-Bit Tiered Compilers"/>
    <property name="os.version" value="10.0"/>
    <property name="user.home" value="C:\Users\Admin"/>
    <property name="user.timezone" value="Europe/Helsinki"/>
    <property name="java.awt.printerjob" value="sun.awt.windows.WPrinterJob"/>
    <property name="java.specification.version" value="1.8"/>
    <property name="file.encoding" value="Cp1251"/>
    <property name="user.name" value="Admin"/>
    <property name="java.class.path" value="/C:/Users/Admin/.p2/pool/plugins/org.eclipse.m2e.maven.runtime_1.7.0.20160603-1931/jars/plexus-classworlds-2.5.2.jar"/>
    <property name="java.vm.specification.version" value="1.8"/>
    <property name="sun.arch.data.model" value="64"/>
    <property name="java.home" value="C:\Program Files\Java\jre1.8.0_151"/>
    <property name="sun.java.command" value="org.codehaus.plexus.classworlds.launcher.Launcher -B test"/>
    <property name="java.specification.vendor" value="Oracle Corporation"/>
    <property name="user.language" value="ru"/>
    <property name="awt.toolkit" value="sun.awt.windows.WToolkit"/>
    <property name="java.vm.info" value="mixed mode"/>
    <property name="java.version" value="1.8.0_151"/>
    <property name="java.ext.dirs" value="C:\Program Files\Java\jre1.8.0_151\lib\ext;C:\WINDOWS\Sun\Java\lib\ext"/>
    <property name="sun.boot.class.path" value="C:\Program Files\Java\jre1.8.0_151\lib\resources.jar;C:\Program Files\Java\jre1.8.0_151\lib\rt.jar;C:\Program Files\Java\jre1.8.0_151\lib\sunrsasign.jar;C:\Program Files\Java\jre1.8.0_151\lib\jsse.jar;C:\Program Files\Java\jre1.8.0_151\lib\jce.jar;C:\Program Files\Java\jre1.8.0_151\lib\charsets.jar;C:\Program Files\Java\jre1.8.0_151\lib\jfr.jar;C:\Program Files\Java\jre1.8.0_151\classes"/>
    <property name="java.vendor" value="Oracle Corporation"/>
    <property name="maven.home" value="E:\WorkspaceJava\QATestLab4\EMBEDDED"/>
    <property name="file.separator" value="\"/>
    <property name="java.vendor.url.bug" value="http://bugreport.sun.com/bugreport/"/>
    <property name="sun.cpu.endian" value="little"/>
    <property name="sun.io.unicode.encoding" value="UnicodeLittle"/>
    <property name="sun.desktop" value="windows"/>
    <property name="sun.cpu.isalist" value="amd64"/>
  </properties>
  <testcase name="authorization" classname="Test.QATestLab4.Script" time="1.227"/>
  <testcase name="authorization" classname="Test.QATestLab4.Script" time="4.041"/>
  <testcase name="authorization" classname="Test.QATestLab4.Script" time="2.581"/>
  <testcase name="katalogProducts" classname="Test.QATestLab4.Script" time="3.985"/>
  <testcase name="katalogProducts" classname="Test.QATestLab4.Script" time="7.392"/>
  <testcase name="katalogProducts" classname="Test.QATestLab4.Script" time="3.598"/>
  <testcase name="makeNewProduct" classname="Test.QATestLab4.Script" time="4.597"/>
  <testcase name="makeNewProduct" classname="Test.QATestLab4.Script" time="5.967"/>
  <testcase name="makeNewProduct" classname="Test.QATestLab4.Script" time="6.723"/>
  <testcase name="propertiesNewProduct" classname="Test.QATestLab4.Script" time="3.053"/>
  <testcase name="propertiesNewProduct" classname="Test.QATestLab4.Script" time="1.262"/>
  <testcase name="propertiesNewProduct" classname="Test.QATestLab4.Script" time="0.373"/>
  <testcase name="activationAndSave" classname="Test.QATestLab4.Script" time="1.172"/>
  <testcase name="activationAndSave" classname="Test.QATestLab4.Script" time="1.141"/>
  <testcase name="activationAndSave" classname="Test.QATestLab4.Script" time="2.065"/>
  <testcase name="goToMainPage" classname="Test.QATestLab4.Script" time="5.691"/>
  <testcase name="goToMainPage" classname="Test.QATestLab4.Script" time="7.192"/>
  <testcase name="goToMainPage" classname="Test.QATestLab4.Script" time="6.778"/>
  <testcase name="testProduct" classname="Test.QATestLab4.Script" time="3.684"/>
  <testcase name="testProduct" classname="Test.QATestLab4.Script" time="0.176"/>
  <testcase name="testProduct" classname="Test.QATestLab4.Script" time="0.188"/>
</testsuite>